[2024-12-02 02:09:18] live.INFO: {"id":"PAYID-M5GPVFY0MP63208M9130644E","intent":"sale","state":"approved","cart":"37068218JM278500D","payer":{"payment_method":"paypal","status":"VERIFIED","payer_info":{"email":"sb-caa5s30601361@personal.example.com","first_name":"John","last_name":"Doe","payer_id":"XJ9N6C54R6SPE","shipping_address":{"recipient_name":"John Doe","line1":"\u039a\u03bf\u03bb\u03bf\u03ba\u03bf\u03c4\u03c1\u03ce\u03bd\u03b7 1 & \u03a3\u03c4\u03b1\u03b4\u03af\u03bf\u03c5","city":"\u0391\u03b8\u03ae\u03bd\u03b1","state":"\u0395\u03bb\u03bb\u03ac\u03b4\u03b1","postal_code":"105 62","country_code":"GR"},"country_code":"GR"}},"transactions":[{"amount":{"total":"100.00","currency":"EUR","details":{"subtotal":"100.00","shipping":"0.00","insurance":"0.00","handling_fee":"0.00","shipping_discount":"0.00","discount":"0.00"}},"payee":{"merchant_id":"YLYKALGTZDSV4","email":"sb-edhzs30641093@business.example.com"},"soft_descriptor":"PAYPAL *TEST STORE","item_list":{"shipping_address":{"recipient_name":"John Doe","line1":"\u039a\u03bf\u03bb\u03bf\u03ba\u03bf\u03c4\u03c1\u03ce\u03bd\u03b7 1 & \u03a3\u03c4\u03b1\u03b4\u03af\u03bf\u03c5","city":"\u0391\u03b8\u03ae\u03bd\u03b1","state":"\u0395\u03bb\u03bb\u03ac\u03b4\u03b1","postal_code":"105 62","country_code":"GR"}},"related_resources":[{"sale":{"id":"7BB69286BG729821M","state":"completed","amount":{"total":"100.00","currency":"EUR","details":{"subtotal":"100.00","shipping":"0.00","insurance":"0.00","handling_fee":"0.00","shipping_discount":"0.00","discount":"0.00"}},"payment_mode":"INSTANT_TRANSFER","protection_eligibility":"ELIGIBLE","protection_eligibility_type":"ITEM_NOT_RECEIVED_ELIGIBLE,UNAUTHORIZED_PAYMENT_ELIGIBLE","transaction_fee":{"value":"3.75","currency":"EUR"},"parent_payment":"PAYID-M5GPVFY0MP63208M9130644E","create_time":"2024-12-02T00:09:17Z","update_time":"2024-12-02T00:09:17Z","links":[{"href":"https:\/\/api.sandbox.paypal.com\/v1\/payments\/sale\/7BB69286BG729821M","rel":"self","method":"GET"},{"href":"https:\/\/api.sandbox.paypal.com\/v1\/payments\/sale\/7BB69286BG729821M\/refund","rel":"refund","method":"POST"},{"href":"https:\/\/api.sandbox.paypal.com\/v1\/payments\/payment\/PAYID-M5GPVFY0MP63208M9130644E","rel":"parent_payment","method":"GET"}],"soft_descriptor":"PAYPAL *TEST STORE"}}]}],"failed_transactions":[],"create_time":"2024-12-02T00:08:55Z","update_time":"2024-12-02T00:09:17Z","links":[{"href":"https:\/\/api.sandbox.paypal.com\/v1\/payments\/payment\/PAYID-M5GPVFY0MP63208M9130644E","rel":"self","method":"GET"}]}  
[2024-12-02 03:36:48] live.INFO: {"id":"PAYID-M5GQ6HI3BM97896DP579461A","intent":"sale","state":"approved","cart":"8VV635988A764301D","payer":{"payment_method":"paypal","status":"VERIFIED","payer_info":{"email":"sb-caa5s30601361@personal.example.com","first_name":"John","last_name":"Doe","payer_id":"XJ9N6C54R6SPE","shipping_address":{"recipient_name":"John Doe","line1":"\u039a\u03bf\u03bb\u03bf\u03ba\u03bf\u03c4\u03c1\u03ce\u03bd\u03b7 1 & \u03a3\u03c4\u03b1\u03b4\u03af\u03bf\u03c5","city":"\u0391\u03b8\u03ae\u03bd\u03b1","state":"\u0395\u03bb\u03bb\u03ac\u03b4\u03b1","postal_code":"105 62","country_code":"GR"},"country_code":"GR"}},"transactions":[{"amount":{"total":"400.00","currency":"EUR","details":{"subtotal":"400.00","shipping":"0.00","insurance":"0.00","handling_fee":"0.00","shipping_discount":"0.00","discount":"0.00"}},"payee":{"merchant_id":"YLYKALGTZDSV4","email":"sb-edhzs30641093@business.example.com"},"soft_descriptor":"PAYPAL *TEST STORE","item_list":{"shipping_address":{"recipient_name":"John Doe","line1":"\u039a\u03bf\u03bb\u03bf\u03ba\u03bf\u03c4\u03c1\u03ce\u03bd\u03b7 1 & \u03a3\u03c4\u03b1\u03b4\u03af\u03bf\u03c5","city":"\u0391\u03b8\u03ae\u03bd\u03b1","state":"\u0395\u03bb\u03bb\u03ac\u03b4\u03b1","postal_code":"105 62","country_code":"GR"}},"related_resources":[{"sale":{"id":"21D65144RL634700S","state":"completed","amount":{"total":"400.00","currency":"EUR","details":{"subtotal":"400.00","shipping":"0.00","insurance":"0.00","handling_fee":"0.00","shipping_discount":"0.00","discount":"0.00"}},"payment_mode":"INSTANT_TRANSFER","protection_eligibility":"ELIGIBLE","protection_eligibility_type":"ITEM_NOT_RECEIVED_ELIGIBLE,UNAUTHORIZED_PAYMENT_ELIGIBLE","transaction_fee":{"value":"13.95","currency":"EUR"},"parent_payment":"PAYID-M5GQ6HI3BM97896DP579461A","create_time":"2024-12-02T01:36:47Z","update_time":"2024-12-02T01:36:47Z","links":[{"href":"https:\/\/api.sandbox.paypal.com\/v1\/payments\/sale\/21D65144RL634700S","rel":"self","method":"GET"},{"href":"https:\/\/api.sandbox.paypal.com\/v1\/payments\/sale\/21D65144RL634700S\/refund","rel":"refund","method":"POST"},{"href":"https:\/\/api.sandbox.paypal.com\/v1\/payments\/payment\/PAYID-M5GQ6HI3BM97896DP579461A","rel":"parent_payment","method":"GET"}],"soft_descriptor":"PAYPAL *TEST STORE"}}]}],"failed_transactions":[],"create_time":"2024-12-02T01:36:29Z","update_time":"2024-12-02T01:36:47Z","links":[{"href":"https:\/\/api.sandbox.paypal.com\/v1\/payments\/payment\/PAYID-M5GQ6HI3BM97896DP579461A","rel":"self","method":"GET"}]}  
[2024-12-02 09:38:27] live.ERROR: Call to undefined method ECUApp\SharedCode\Models\Credit::running_total() {"view":{"view":"/var/www/vhosts/ecutech.gr/tuningX/resources/views/account.blade.php","data":[]},"userId":124,"exception":"[object] (Spatie\\LaravelIgnition\\Exceptions\\ViewException(code: 0): Call to undefined method ECUApp\\SharedCode\\Models\\Credit::running_total() at /var/www/vhosts/ecutech.gr/tuningX/vendor/laravel/framework/src/Illuminate/Support/Traits/ForwardsCalls.php:71)
[stacktrace]
#0 /var/www/vhosts/ecutech.gr/tuningX/vendor/laravel/framework/src/Illuminate/Support/Traits/ForwardsCalls.php(36): Illuminate\\Database\\Eloquent\\Model::throwBadMethodCallException()
#1 /var/www/vhosts/ecutech.gr/tuningX/vendor/laravel/framework/src/Illuminate/Database/Eloquent/Model.php(2330): Illuminate\\Database\\Eloquent\\Model->forwardCallTo()
#2 /var/www/vhosts/ecutech.gr/tuningX/resources/views/account.blade.php(1109): Illuminate\\Database\\Eloquent\\Model->__call()
#3 /var/www/vhosts/ecutech.gr/tuningX/vendor/laravel/framework/src/Illuminate/Filesystem/Filesystem.php(109): require('/var/www/vhosts...')
#4 /var/www/vhosts/ecutech.gr/tuningX/vendor/laravel/framework/src/Illuminate/Filesystem/Filesystem.php(110): Illuminate\\Filesystem\\Filesystem::Illuminate\\Filesystem\\{closure}()
#5 /var/www/vhosts/ecutech.gr/tuningX/vendor/laravel/framework/src/Illuminate/View/Engines/PhpEngine.php(58): Illuminate\\Filesystem\\Filesystem->getRequire()
#6 /var/www/vhosts/ecutech.gr/tuningX/vendor/laravel/framework/src/Illuminate/View/Engines/CompilerEngine.php(70): Illuminate\\View\\Engines\\PhpEngine->evaluatePath()
#7 /var/www/vhosts/ecutech.gr/tuningX/vendor/laravel/framework/src/Illuminate/View/View.php(195): Illuminate\\View\\Engines\\CompilerEngine->get()
#8 /var/www/vhosts/ecutech.gr/tuningX/vendor/laravel/framework/src/Illuminate/View/View.php(178): Illuminate\\View\\View->getContents()
#9 /var/www/vhosts/ecutech.gr/tuningX/vendor/laravel/framework/src/Illuminate/View/View.php(147): Illuminate\\View\\View->renderContents()
#10 /var/www/vhosts/ecutech.gr/tuningX/vendor/laravel/framework/src/Illuminate/Http/Response.php(69): Illuminate\\View\\View->render()
#11 /var/www/vhosts/ecutech.gr/tuningX/vendor/laravel/framework/src/Illuminate/Http/Response.php(35): Illuminate\\Http\\Response->setContent()
#12 /var/www/vhosts/ecutech.gr/tuningX/vendor/laravel/framework/src/Illuminate/Routing/Router.php(906): Illuminate\\Http\\Response->__construct()
#13 /var/www/vhosts/ecutech.gr/tuningX/vendor/laravel/framework/src/Illuminate/Routing/Router.php(875): Illuminate\\Routing\\Router::toResponse()
#14 /var/www/vhosts/ecutech.gr/tuningX/vendor/laravel/framework/src/Illuminate/Routing/Router.php(798): Illuminate\\Routing\\Router->prepareResponse()
#15 /var/www/vhosts/ecutech.gr/tuningX/vendor/laravel/framework/src/Illuminate/Pipeline/Pipeline.php(141): Illuminate\\Routing\\Router->Illuminate\\Routing\\{closure}()
#16 /var/www/vhosts/ecutech.gr/tuningX/vendor/laravel/framework/src/Illuminate/Routing/Middleware/SubstituteBindings.php(50): Illuminate\\Pipeline\\Pipeline->Illuminate\\Pipeline\\{closure}()
#17 /var/www/vhosts/ecutech.gr/tuningX/vendor/laravel/framework/src/Illuminate/Pipeline/Pipeline.php(180): Illuminate\\Routing\\Middleware\\SubstituteBindings->handle()
#18 /var/www/vhosts/ecutech.gr/tuningX/vendor/laravel/framework/src/Illuminate/Auth/Middleware/Authenticate.php(44): Illuminate\\Pipeline\\Pipeline->Illuminate\\Pipeline\\{closure}()
#19 /var/www/vhosts/ecutech.gr/tuningX/vendor/laravel/framework/src/Illuminate/Pipeline/Pipeline.php(180): Illuminate\\Auth\\Middleware\\Authenticate->handle()
#20 /var/www/vhosts/ecutech.gr/tuningX/vendor/laravel/framework/src/Illuminate/Foundation/Http/Middleware/VerifyCsrfToken.php(78): Illuminate\\Pipeline\\Pipeline->Illuminate\\Pipeline\\{closure}()
#21 /var/www/vhosts/ecutech.gr/tuningX/vendor/laravel/framework/src/Illuminate/Pipeline/Pipeline.php(180): Illuminate\\Foundation\\Http\\Middleware\\VerifyCsrfToken->handle()
#22 /var/www/vhosts/ecutech.gr/tuningX/vendor/laravel/framework/src/Illuminate/View/Middleware/ShareErrorsFromSession.php(49): Illuminate\\Pipeline\\Pipeline->Illuminate\\Pipeline\\{closure}()
#23 /var/www/vhosts/ecutech.gr/tuningX/vendor/laravel/framework/src/Illuminate/Pipeline/Pipeline.php(180): Illuminate\\View\\Middleware\\ShareErrorsFromSession->handle()
#24 /var/www/vhosts/ecutech.gr/tuningX/vendor/laravel/framework/src/Illuminate/Session/Middleware/StartSession.php(121): Illuminate\\Pipeline\\Pipeline->Illuminate\\Pipeline\\{closure}()
#25 /var/www/vhosts/ecutech.gr/tuningX/vendor/laravel/framework/src/Illuminate/Session/Middleware/StartSession.php(64): Illuminate\\Session\\Middleware\\StartSession->handleStatefulRequest()
#26 /var/www/vhosts/ecutech.gr/tuningX/vendor/laravel/framework/src/Illuminate/Pipeline/Pipeline.php(180): Illuminate\\Session\\Middleware\\StartSession->handle()
#27 /var/www/vhosts/ecutech.gr/tuningX/vendor/laravel/framework/src/Illuminate/Cookie/Middleware/AddQueuedCookiesToResponse.php(37): Illuminate\\Pipeline\\Pipeline->Illuminate\\Pipeline\\{closure}()
#28 /var/www/vhosts/ecutech.gr/tuningX/vendor/laravel/framework/src/Illuminate/Pipeline/Pipeline.php(180): Illuminate\\Cookie\\Middleware\\AddQueuedCookiesToResponse->handle()
#29 /var/www/vhosts/ecutech.gr/tuningX/vendor/laravel/framework/src/Illuminate/Cookie/Middleware/EncryptCookies.php(67): Illuminate\\Pipeline\\Pipeline->Illuminate\\Pipeline\\{closure}()
#30 /var/www/vhosts/ecutech.gr/tuningX/vendor/laravel/framework/src/Illuminate/Pipeline/Pipeline.php(180): Illuminate\\Cookie\\Middleware\\EncryptCookies->handle()
#31 /var/www/vhosts/ecutech.gr/tuningX/vendor/laravel/framework/src/Illuminate/Pipeline/Pipeline.php(116): Illuminate\\Pipeline\\Pipeline->Illuminate\\Pipeline\\{closure}()
#32 /var/www/vhosts/ecutech.gr/tuningX/vendor/laravel/framework/src/Illuminate/Routing/Router.php(799): Illuminate\\Pipeline\\Pipeline->then()
#33 /var/www/vhosts/ecutech.gr/tuningX/vendor/laravel/framework/src/Illuminate/Routing/Router.php(776): Illuminate\\Routing\\Router->runRouteWithinStack()
#34 /var/www/vhosts/ecutech.gr/tuningX/vendor/laravel/framework/src/Illuminate/Routing/Router.php(740): Illuminate\\Routing\\Router->runRoute()
#35 /var/www/vhosts/ecutech.gr/tuningX/vendor/laravel/framework/src/Illuminate/Routing/Router.php(729): Illuminate\\Routing\\Router->dispatchToRoute()
#36 /var/www/vhosts/ecutech.gr/tuningX/vendor/laravel/framework/src/Illuminate/Foundation/Http/Kernel.php(190): Illuminate\\Routing\\Router->dispatch()
#37 /var/www/vhosts/ecutech.gr/tuningX/vendor/laravel/framework/src/Illuminate/Pipeline/Pipeline.php(141): Illuminate\\Foundation\\Http\\Kernel->Illuminate\\Foundation\\Http\\{closure}()
#38 /var/www/vhosts/ecutech.gr/tuningX/vendor/laravel/framework/src/Illuminate/Foundation/Http/Middleware/TransformsRequest.php(21): Illuminate\\Pipeline\\Pipeline->Illuminate\\Pipeline\\{closure}()
#39 /var/www/vhosts/ecutech.gr/tuningX/vendor/laravel/framework/src/Illuminate/Foundation/Http/Middleware/ConvertEmptyStringsToNull.php(31): Illuminate\\Foundation\\Http\\Middleware\\TransformsRequest->handle()
#40 /var/www/vhosts/ecutech.gr/tuningX/vendor/laravel/framework/src/Illuminate/Pipeline/Pipeline.php(180): Illuminate\\Foundation\\Http\\Middleware\\ConvertEmptyStringsToNull->handle()
#41 /var/www/vhosts/ecutech.gr/tuningX/vendor/laravel/framework/src/Illuminate/Foundation/Http/Middleware/TransformsRequest.php(21): Illuminate\\Pipeline\\Pipeline->Illuminate\\Pipeline\\{closure}()
#42 /var/www/vhosts/ecutech.gr/tuningX/vendor/laravel/framework/src/Illuminate/Foundation/Http/Middleware/TrimStrings.php(40): Illuminate\\Foundation\\Http\\Middleware\\TransformsRequest->handle()
#43 /var/www/vhosts/ecutech.gr/tuningX/vendor/laravel/framework/src/Illuminate/Pipeline/Pipeline.php(180): Illuminate\\Foundation\\Http\\Middleware\\TrimStrings->handle()
#44 /var/www/vhosts/ecutech.gr/tuningX/vendor/laravel/framework/src/Illuminate/Foundation/Http/Middleware/ValidatePostSize.php(27): Illuminate\\Pipeline\\Pipeline->Illuminate\\Pipeline\\{closure}()
#45 /var/www/vhosts/ecutech.gr/tuningX/vendor/laravel/framework/src/Illuminate/Pipeline/Pipeline.php(180): Illuminate\\Foundation\\Http\\Middleware\\ValidatePostSize->handle()
#46 /var/www/vhosts/ecutech.gr/tuningX/vendor/laravel/framework/src/Illuminate/Foundation/Http/Middleware/PreventRequestsDuringMaintenance.php(86): Illuminate\\Pipeline\\Pipeline->Illuminate\\Pipeline\\{closure}()
#47 /var/www/vhosts/ecutech.gr/tuningX/vendor/laravel/framework/src/Illuminate/Pipeline/Pipeline.php(180): Illuminate\\Foundation\\Http\\Middleware\\PreventRequestsDuringMaintenance->handle()
#48 /var/www/vhosts/ecutech.gr/tuningX/vendor/laravel/framework/src/Illuminate/Http/Middleware/HandleCors.php(49): Illuminate\\Pipeline\\Pipeline->Illuminate\\Pipeline\\{closure}()
#49 /var/www/vhosts/ecutech.gr/tuningX/vendor/laravel/framework/src/Illuminate/Pipeline/Pipeline.php(180): Illuminate\\Http\\Middleware\\HandleCors->handle()
#50 /var/www/vhosts/ecutech.gr/tuningX/vendor/laravel/framework/src/Illuminate/Http/Middleware/TrustProxies.php(39): Illuminate\\Pipeline\\Pipeline->Illuminate\\Pipeline\\{closure}()
#51 /var/www/vhosts/ecutech.gr/tuningX/vendor/laravel/framework/src/Illuminate/Pipeline/Pipeline.php(180): Illuminate\\Http\\Middleware\\TrustProxies->handle()
#52 /var/www/vhosts/ecutech.gr/tuningX/vendor/laravel/framework/src/Illuminate/Pipeline/Pipeline.php(116): Illuminate\\Pipeline\\Pipeline->Illuminate\\Pipeline\\{closure}()
#53 /var/www/vhosts/ecutech.gr/tuningX/vendor/laravel/framework/src/Illuminate/Foundation/Http/Kernel.php(165): Illuminate\\Pipeline\\Pipeline->then()
#54 /var/www/vhosts/ecutech.gr/tuningX/vendor/laravel/framework/src/Illuminate/Foundation/Http/Kernel.php(134): Illuminate\\Foundation\\Http\\Kernel->sendRequestThroughRouter()
#55 /var/www/vhosts/ecutech.gr/tuningX/public/index.php(52): Illuminate\\Foundation\\Http\\Kernel->handle()
#56 {main}

[previous exception] [object] (BadMethodCallException(code: 0): Call to undefined method ECUApp\\SharedCode\\Models\\Credit::running_total() at /var/www/vhosts/ecutech.gr/tuningX/vendor/laravel/framework/src/Illuminate/Support/Traits/ForwardsCalls.php:71)
[stacktrace]
#0 /var/www/vhosts/ecutech.gr/tuningX/vendor/laravel/framework/src/Illuminate/Support/Traits/ForwardsCalls.php(36): Illuminate\\Database\\Eloquent\\Model::throwBadMethodCallException()
#1 /var/www/vhosts/ecutech.gr/tuningX/vendor/laravel/framework/src/Illuminate/Database/Eloquent/Model.php(2330): Illuminate\\Database\\Eloquent\\Model->forwardCallTo()
#2 /var/www/vhosts/ecutech.gr/tuningX/storage/framework/views/c82f3f73a55d94d2235264e25ae841a36bac18cf.php(1150): Illuminate\\Database\\Eloquent\\Model->__call()
#3 /var/www/vhosts/ecutech.gr/tuningX/vendor/laravel/framework/src/Illuminate/Filesystem/Filesystem.php(109): require('/var/www/vhosts...')
#4 /var/www/vhosts/ecutech.gr/tuningX/vendor/laravel/framework/src/Illuminate/Filesystem/Filesystem.php(110): Illuminate\\Filesystem\\Filesystem::Illuminate\\Filesystem\\{closure}()
#5 /var/www/vhosts/ecutech.gr/tuningX/vendor/laravel/framework/src/Illuminate/View/Engines/PhpEngine.php(58): Illuminate\\Filesystem\\Filesystem->getRequire()
#6 /var/www/vhosts/ecutech.gr/tuningX/vendor/laravel/framework/src/Illuminate/View/Engines/CompilerEngine.php(70): Illuminate\\View\\Engines\\PhpEngine->evaluatePath()
#7 /var/www/vhosts/ecutech.gr/tuningX/vendor/laravel/framework/src/Illuminate/View/View.php(195): Illuminate\\View\\Engines\\CompilerEngine->get()
#8 /var/www/vhosts/ecutech.gr/tuningX/vendor/laravel/framework/src/Illuminate/View/View.php(178): Illuminate\\View\\View->getContents()
#9 /var/www/vhosts/ecutech.gr/tuningX/vendor/laravel/framework/src/Illuminate/View/View.php(147): Illuminate\\View\\View->renderContents()
#10 /var/www/vhosts/ecutech.gr/tuningX/vendor/laravel/framework/src/Illuminate/Http/Response.php(69): Illuminate\\View\\View->render()
#11 /var/www/vhosts/ecutech.gr/tuningX/vendor/laravel/framework/src/Illuminate/Http/Response.php(35): Illuminate\\Http\\Response->setContent()
#12 /var/www/vhosts/ecutech.gr/tuningX/vendor/laravel/framework/src/Illuminate/Routing/Router.php(906): Illuminate\\Http\\Response->__construct()
#13 /var/www/vhosts/ecutech.gr/tuningX/vendor/laravel/framework/src/Illuminate/Routing/Router.php(875): Illuminate\\Routing\\Router::toResponse()
#14 /var/www/vhosts/ecutech.gr/tuningX/vendor/laravel/framework/src/Illuminate/Routing/Router.php(798): Illuminate\\Routing\\Router->prepareResponse()
#15 /var/www/vhosts/ecutech.gr/tuningX/vendor/laravel/framework/src/Illuminate/Pipeline/Pipeline.php(141): Illuminate\\Routing\\Router->Illuminate\\Routing\\{closure}()
#16 /var/www/vhosts/ecutech.gr/tuningX/vendor/laravel/framework/src/Illuminate/Routing/Middleware/SubstituteBindings.php(50): Illuminate\\Pipeline\\Pipeline->Illuminate\\Pipeline\\{closure}()
#17 /var/www/vhosts/ecutech.gr/tuningX/vendor/laravel/framework/src/Illuminate/Pipeline/Pipeline.php(180): Illuminate\\Routing\\Middleware\\SubstituteBindings->handle()
#18 /var/www/vhosts/ecutech.gr/tuningX/vendor/laravel/framework/src/Illuminate/Auth/Middleware/Authenticate.php(44): Illuminate\\Pipeline\\Pipeline->Illuminate\\Pipeline\\{closure}()
#19 /var/www/vhosts/ecutech.gr/tuningX/vendor/laravel/framework/src/Illuminate/Pipeline/Pipeline.php(180): Illuminate\\Auth\\Middleware\\Authenticate->handle()
#20 /var/www/vhosts/ecutech.gr/tuningX/vendor/laravel/framework/src/Illuminate/Foundation/Http/Middleware/VerifyCsrfToken.php(78): Illuminate\\Pipeline\\Pipeline->Illuminate\\Pipeline\\{closure}()
#21 /var/www/vhosts/ecutech.gr/tuningX/vendor/laravel/framework/src/Illuminate/Pipeline/Pipeline.php(180): Illuminate\\Foundation\\Http\\Middleware\\VerifyCsrfToken->handle()
#22 /var/www/vhosts/ecutech.gr/tuningX/vendor/laravel/framework/src/Illuminate/View/Middleware/ShareErrorsFromSession.php(49): Illuminate\\Pipeline\\Pipeline->Illuminate\\Pipeline\\{closure}()
#23 /var/www/vhosts/ecutech.gr/tuningX/vendor/laravel/framework/src/Illuminate/Pipeline/Pipeline.php(180): Illuminate\\View\\Middleware\\ShareErrorsFromSession->handle()
#24 /var/www/vhosts/ecutech.gr/tuningX/vendor/laravel/framework/src/Illuminate/Session/Middleware/StartSession.php(121): Illuminate\\Pipeline\\Pipeline->Illuminate\\Pipeline\\{closure}()
#25 /var/www/vhosts/ecutech.gr/tuningX/vendor/laravel/framework/src/Illuminate/Session/Middleware/StartSession.php(64): Illuminate\\Session\\Middleware\\StartSession->handleStatefulRequest()
#26 /var/www/vhosts/ecutech.gr/tuningX/vendor/laravel/framework/src/Illuminate/Pipeline/Pipeline.php(180): Illuminate\\Session\\Middleware\\StartSession->handle()
#27 /var/www/vhosts/ecutech.gr/tuningX/vendor/laravel/framework/src/Illuminate/Cookie/Middleware/AddQueuedCookiesToResponse.php(37): Illuminate\\Pipeline\\Pipeline->Illuminate\\Pipeline\\{closure}()
#28 /var/www/vhosts/ecutech.gr/tuningX/vendor/laravel/framework/src/Illuminate/Pipeline/Pipeline.php(180): Illuminate\\Cookie\\Middleware\\AddQueuedCookiesToResponse->handle()
#29 /var/www/vhosts/ecutech.gr/tuningX/vendor/laravel/framework/src/Illuminate/Cookie/Middleware/EncryptCookies.php(67): Illuminate\\Pipeline\\Pipeline->Illuminate\\Pipeline\\{closure}()
#30 /var/www/vhosts/ecutech.gr/tuningX/vendor/laravel/framework/src/Illuminate/Pipeline/Pipeline.php(180): Illuminate\\Cookie\\Middleware\\EncryptCookies->handle()
#31 /var/www/vhosts/ecutech.gr/tuningX/vendor/laravel/framework/src/Illuminate/Pipeline/Pipeline.php(116): Illuminate\\Pipeline\\Pipeline->Illuminate\\Pipeline\\{closure}()
#32 /var/www/vhosts/ecutech.gr/tuningX/vendor/laravel/framework/src/Illuminate/Routing/Router.php(799): Illuminate\\Pipeline\\Pipeline->then()
#33 /var/www/vhosts/ecutech.gr/tuningX/vendor/laravel/framework/src/Illuminate/Routing/Router.php(776): Illuminate\\Routing\\Router->runRouteWithinStack()
#34 /var/www/vhosts/ecutech.gr/tuningX/vendor/laravel/framework/src/Illuminate/Routing/Router.php(740): Illuminate\\Routing\\Router->runRoute()
#35 /var/www/vhosts/ecutech.gr/tuningX/vendor/laravel/framework/src/Illuminate/Routing/Router.php(729): Illuminate\\Routing\\Router->dispatchToRoute()
#36 /var/www/vhosts/ecutech.gr/tuningX/vendor/laravel/framework/src/Illuminate/Foundation/Http/Kernel.php(190): Illuminate\\Routing\\Router->dispatch()
#37 /var/www/vhosts/ecutech.gr/tuningX/vendor/laravel/framework/src/Illuminate/Pipeline/Pipeline.php(141): Illuminate\\Foundation\\Http\\Kernel->Illuminate\\Foundation\\Http\\{closure}()
#38 /var/www/vhosts/ecutech.gr/tuningX/vendor/laravel/framework/src/Illuminate/Foundation/Http/Middleware/TransformsRequest.php(21): Illuminate\\Pipeline\\Pipeline->Illuminate\\Pipeline\\{closure}()
#39 /var/www/vhosts/ecutech.gr/tuningX/vendor/laravel/framework/src/Illuminate/Foundation/Http/Middleware/ConvertEmptyStringsToNull.php(31): Illuminate\\Foundation\\Http\\Middleware\\TransformsRequest->handle()
#40 /var/www/vhosts/ecutech.gr/tuningX/vendor/laravel/framework/src/Illuminate/Pipeline/Pipeline.php(180): Illuminate\\Foundation\\Http\\Middleware\\ConvertEmptyStringsToNull->handle()
#41 /var/www/vhosts/ecutech.gr/tuningX/vendor/laravel/framework/src/Illuminate/Foundation/Http/Middleware/TransformsRequest.php(21): Illuminate\\Pipeline\\Pipeline->Illuminate\\Pipeline\\{closure}()
#42 /var/www/vhosts/ecutech.gr/tuningX/vendor/laravel/framework/src/Illuminate/Foundation/Http/Middleware/TrimStrings.php(40): Illuminate\\Foundation\\Http\\Middleware\\TransformsRequest->handle()
#43 /var/www/vhosts/ecutech.gr/tuningX/vendor/laravel/framework/src/Illuminate/Pipeline/Pipeline.php(180): Illuminate\\Foundation\\Http\\Middleware\\TrimStrings->handle()
#44 /var/www/vhosts/ecutech.gr/tuningX/vendor/laravel/framework/src/Illuminate/Foundation/Http/Middleware/ValidatePostSize.php(27): Illuminate\\Pipeline\\Pipeline->Illuminate\\Pipeline\\{closure}()
#45 /var/www/vhosts/ecutech.gr/tuningX/vendor/laravel/framework/src/Illuminate/Pipeline/Pipeline.php(180): Illuminate\\Foundation\\Http\\Middleware\\ValidatePostSize->handle()
#46 /var/www/vhosts/ecutech.gr/tuningX/vendor/laravel/framework/src/Illuminate/Foundation/Http/Middleware/PreventRequestsDuringMaintenance.php(86): Illuminate\\Pipeline\\Pipeline->Illuminate\\Pipeline\\{closure}()
#47 /var/www/vhosts/ecutech.gr/tuningX/vendor/laravel/framework/src/Illuminate/Pipeline/Pipeline.php(180): Illuminate\\Foundation\\Http\\Middleware\\PreventRequestsDuringMaintenance->handle()
#48 /var/www/vhosts/ecutech.gr/tuningX/vendor/laravel/framework/src/Illuminate/Http/Middleware/HandleCors.php(49): Illuminate\\Pipeline\\Pipeline->Illuminate\\Pipeline\\{closure}()
#49 /var/www/vhosts/ecutech.gr/tuningX/vendor/laravel/framework/src/Illuminate/Pipeline/Pipeline.php(180): Illuminate\\Http\\Middleware\\HandleCors->handle()
#50 /var/www/vhosts/ecutech.gr/tuningX/vendor/laravel/framework/src/Illuminate/Http/Middleware/TrustProxies.php(39): Illuminate\\Pipeline\\Pipeline->Illuminate\\Pipeline\\{closure}()
#51 /var/www/vhosts/ecutech.gr/tuningX/vendor/laravel/framework/src/Illuminate/Pipeline/Pipeline.php(180): Illuminate\\Http\\Middleware\\TrustProxies->handle()
#52 /var/www/vhosts/ecutech.gr/tuningX/vendor/laravel/framework/src/Illuminate/Pipeline/Pipeline.php(116): Illuminate\\Pipeline\\Pipeline->Illuminate\\Pipeline\\{closure}()
#53 /var/www/vhosts/ecutech.gr/tuningX/vendor/laravel/framework/src/Illuminate/Foundation/Http/Kernel.php(165): Illuminate\\Pipeline\\Pipeline->then()
#54 /var/www/vhosts/ecutech.gr/tuningX/vendor/laravel/framework/src/Illuminate/Foundation/Http/Kernel.php(134): Illuminate\\Foundation\\Http\\Kernel->sendRequestThroughRouter()
#55 /var/www/vhosts/ecutech.gr/tuningX/public/index.php(52): Illuminate\\Foundation\\Http\\Kernel->handle()
#56 {main}
"} 
[2024-12-02 21:17:52] live.INFO: {"email":"jaroslav230465@gmail.com","bankId":"NET_MASTER","amount":36,"switching":false,"orderCode":4721997287672601,"statusId":"F","fullName":null,"insDate":"2024-12-02T21:17:49.8+02:00","cardNumber":"516852XXXXXX8688","sourceCode":"5118","currencyCode":"978","customerTrns":null,"merchantTrns":"{\"credits\":null}","transactionTypeId":5,"recurringSupport":false,"totalInstallments":0,"cardCountryCode":"SK","cardIssuingBank":"Fio Banka A.s.","eventId":null,"currentInstallment":0,"conversionRate":1,"originalAmount":36,"cardUniqueReference":null,"originalCurrencyCode":"978","cardTypeId":1,"digitalWalletId":3,"loyaltyTransactions":[]}  
[2024-12-02 21:17:52] live.INFO: "29b56bfc-d3a5-46b9-955e-19507c499763"  
[2024-12-02 21:17:56] live.INFO: {"id":"3155531571319014872","custom_id":"INV-E496","representation":"\u03a4\u03b9\u03bc\u03bf\u03bb\u03cc\u03b3\u03b9\u03bf #E-287","status":"issued","draft":false,"documenttype":"1357060486473975672","mydata_document_type":"1.2","is_b2g":false,"sequence":"2847123174485656838","number":"287","date":"2024-12-02","due_days":null,"client":"3155531563391780013","client_display_name":"MBM Servis s.r.o.","client_profession":"","client_vat_number":"MBM Servis s.r.o.","client_tax_office":"","billing_address":{"address_line":"Kupelna 517\/79","city":"Rev\u00faca","state":"","zip":"05001","country":"SK","branch_code":null},"shipping_address":null,"client_contact_person":"Jaroslav Syc","client_phone_number":"+421905592636","client_email":"sycarservice@gmail.com","client_authority":"","client_authority_code":"","client_authority_vat_number":"","authority_address":null,"client_contract_budget_type":null,"client_contract_type_code":"","client_contract_reference_code":"","loading_address":null,"dispatch_date":null,"dispatch_time":null,"vehicle_number":"","move_purpose":null,"other_move_purpose_title":"","currency_code":"EUR","exchange_rate":"1.000000","calculator_mode":"initial","items":[{"id":"3155531571344180924","product":"2473119345388029552","title":"Credits for digital files download","description":"","quantity":"2.8800","unit_measure":0,"unit_value":"10.00000","unit_discount":"0.00000","taxes":["2829887760377054210"],"discount_option":false,"vat_exemption_category":29,"unit_total":"12.00000","item_net":"28.80","cpv_code":"","project":null,"mydata_classification_category":"category1_2","mydata_classification_type":"E3_561_005"}],"initial":"28.80","net":"28.80","total":"34.56","withholding_taxes":[],"payable":"34.56","paid":"0.00","template":"2822768035243231074","terms":"<div style=\"white-space: pre-wrap;\"><p>EU VAT is charged according customer country as on article 47c of the VAT Code (OSS EU Scheme)<\/p><\/div>","public_notes":"","paid_on_receipt":"0.00","payment_method":null,"vat_payment_suspension":false,"b2g_latest_status":"","mydata_uid":"","mydata_qr_url":"","mydata_latest_mark":null,"mydata_latest_cancel_mark":null,"mydata_submission_status":"not_sent","mydata_submission_channel":"","authentication_code":"","softone_link":"","payment_gateways":["1357148507869283911"],"pos_payment_gateway":null,"pos_payment_status":"","trackingcategories":[],"permalink":"https:\/\/app.elorus.com\/invoice\/xRK61zyMkLZf_UPUdFNQcA\/","organization":"1357060486331368800","created":"2024-12-02T19:17:56.767159Z","modified":"2024-12-02T19:17:56.767193Z"}  
[2024-12-02 21:17:57] live.INFO: {"id":"3155531575320381062","custom_id":"","transaction_type":"ip","income_type":"","mydata_document_type":"","title":"Customer Credits Payment","date":"2024-12-02","sequence":"","number":"","contact":"3155531563391780013","contact_name":"","contact_vat_number":"","contact_address":null,"currency_code":"EUR","exchange_rate":"1.000000","calculator_mode":"","net":null,"taxes":[],"discount_option":false,"amount":"34.56","quantity":null,"payment_method":null,"vat_exemption_category":null,"mydata_uid":"","mydata_qr_url":"","mydata_latest_mark":null,"mydata_latest_cancel_mark":null,"mydata_submission_status":"not_applicable","mydata_submission_channel":"","authentication_code":"","softone_link":"","status":"active","invoice_payments":[{"invoice":"3155531571319014872","amount":"34.56"}],"purchasecreditnote_payments":[],"at_invoice":null,"trackingcategories":[],"organization":"1357060486331368800","created":"2024-12-02T19:17:57.247735Z","modified":"2024-12-02T19:17:57.247877Z","mydata_classification_category":"","mydata_classification_type":""}  
