[2024-07-16 04:48:09] local.ERROR: client_id missing from the provided configuration. Please add your application client_id. {"userId":95,"exception":"[object] (RuntimeException(code: 0): client_id missing from the provided configuration. Please add your application client_id. at /Users/lionel/Documents/mycode/latestworks/tuningX/vendor/srmklive/paypal/src/Traits/PayPalRequest.php:235)
[stacktrace]
#0 /Users/lionel/Documents/mycode/latestworks/tuningX/vendor/srmklive/paypal/src/Traits/PayPalRequest.php(86): Srmklive\\PayPal\\Services\\PayPal->setApiProviderConfiguration(Array)
#1 /Users/lionel/Documents/mycode/latestworks/tuningX/vendor/srmklive/paypal/src/Traits/PayPalRequest.php(188): Srmklive\\PayPal\\Services\\PayPal->setApiCredentials(Array)
#2 /Users/lionel/Documents/mycode/latestworks/tuningX/vendor/srmklive/paypal/src/Services/PayPal.php(24): Srmklive\\PayPal\\Services\\PayPal->setConfig(Array)
#3 /Users/lionel/Documents/mycode/latestworks/tuningX/vendor/srmklive/paypal/src/PayPalFacadeAccessor.php(39): Srmklive\\PayPal\\Services\\PayPal->__construct()
#4 /Users/lionel/Documents/mycode/latestworks/tuningX/vendor/laravel/framework/src/Illuminate/Support/Facades/Facade.php(338): Srmklive\\PayPal\\PayPalFacadeAccessor::setProvider()
#5 /Users/lionel/Documents/mycode/latestworks/tuningX/vendor/rameezmeans/ecutech-code/src/controllers/PaymentsMainController.php(585): Illuminate\\Support\\Facades\\Facade::__callStatic('setProvider', Array)
#6 /Users/lionel/Documents/mycode/latestworks/tuningX/app/Http/Controllers/PaymentsController.php(638): ECUApp\\SharedCode\\Controllers\\PaymentsMainController->redirectPaypal(Object(ECUApp\\SharedCode\\Models\\User), 10.0, '1')
#7 /Users/lionel/Documents/mycode/latestworks/tuningX/vendor/laravel/framework/src/Illuminate/Routing/Controller.php(54): App\\Http\\Controllers\\PaymentsController->paypalCheckout(Object(Illuminate\\Http\\Request))
#8 /Users/lionel/Documents/mycode/latestworks/tuningX/vendor/laravel/framework/src/Illuminate/Routing/ControllerDispatcher.php(43): Illuminate\\Routing\\Controller->callAction('paypalCheckout', Array)
#9 /Users/lionel/Documents/mycode/latestworks/tuningX/vendor/laravel/framework/src/Illuminate/Routing/Route.php(260): Illuminate\\Routing\\ControllerDispatcher->dispatch(Object(Illuminate\\Routing\\Route), Object(App\\Http\\Controllers\\PaymentsController), 'paypalCheckout')
#10 /Users/lionel/Documents/mycode/latestworks/tuningX/vendor/laravel/framework/src/Illuminate/Routing/Route.php(205): Illuminate\\Routing\\Route->runController()
#11 /Users/lionel/Documents/mycode/latestworks/tuningX/vendor/laravel/framework/src/Illuminate/Routing/Router.php(798): Illuminate\\Routing\\Route->run()
#12 /Users/lionel/Documents/mycode/latestworks/tuningX/vendor/laravel/framework/src/Illuminate/Pipeline/Pipeline.php(141): Illuminate\\Routing\\Router->Illuminate\\Routing\\{closure}(Object(Illuminate\\Http\\Request))
#13 /Users/lionel/Documents/mycode/latestworks/tuningX/vendor/laravel/framework/src/Illuminate/Routing/Middleware/SubstituteBindings.php(50): Illuminate\\Pipeline\\Pipeline->Illuminate\\Pipeline\\{closure}(Object(Illuminate\\Http\\Request))
#14 /Users/lionel/Documents/mycode/latestworks/tuningX/vendor/laravel/framework/src/Illuminate/Pipeline/Pipeline.php(180): Illuminate\\Routing\\Middleware\\SubstituteBindings->handle(Object(Illuminate\\Http\\Request), Object(Closure))
#15 /Users/lionel/Documents/mycode/latestworks/tuningX/vendor/laravel/framework/src/Illuminate/Auth/Middleware/Authenticate.php(44): Illuminate\\Pipeline\\Pipeline->Illuminate\\Pipeline\\{closure}(Object(Illuminate\\Http\\Request))
#16 /Users/lionel/Documents/mycode/latestworks/tuningX/vendor/laravel/framework/src/Illuminate/Pipeline/Pipeline.php(180): Illuminate\\Auth\\Middleware\\Authenticate->handle(Object(Illuminate\\Http\\Request), Object(Closure))
#17 /Users/lionel/Documents/mycode/latestworks/tuningX/vendor/laravel/framework/src/Illuminate/Foundation/Http/Middleware/VerifyCsrfToken.php(78): Illuminate\\Pipeline\\Pipeline->Illuminate\\Pipeline\\{closure}(Object(Illuminate\\Http\\Request))
#18 /Users/lionel/Documents/mycode/latestworks/tuningX/vendor/laravel/framework/src/Illuminate/Pipeline/Pipeline.php(180): Illuminate\\Foundation\\Http\\Middleware\\VerifyCsrfToken->handle(Object(Illuminate\\Http\\Request), Object(Closure))
#19 /Users/lionel/Documents/mycode/latestworks/tuningX/vendor/laravel/framework/src/Illuminate/View/Middleware/ShareErrorsFromSession.php(49): Illuminate\\Pipeline\\Pipeline->Illuminate\\Pipeline\\{closure}(Object(Illuminate\\Http\\Request))
#20 /Users/lionel/Documents/mycode/latestworks/tuningX/vendor/laravel/framework/src/Illuminate/Pipeline/Pipeline.php(180): Illuminate\\View\\Middleware\\ShareErrorsFromSession->handle(Object(Illuminate\\Http\\Request), Object(Closure))
#21 /Users/lionel/Documents/mycode/latestworks/tuningX/vendor/laravel/framework/src/Illuminate/Session/Middleware/StartSession.php(121): Illuminate\\Pipeline\\Pipeline->Illuminate\\Pipeline\\{closure}(Object(Illuminate\\Http\\Request))
#22 /Users/lionel/Documents/mycode/latestworks/tuningX/vendor/laravel/framework/src/Illuminate/Session/Middleware/StartSession.php(64): Illuminate\\Session\\Middleware\\StartSession->handleStatefulRequest(Object(Illuminate\\Http\\Request), Object(Illuminate\\Session\\Store), Object(Closure))
#23 /Users/lionel/Documents/mycode/latestworks/tuningX/vendor/laravel/framework/src/Illuminate/Pipeline/Pipeline.php(180): Illuminate\\Session\\Middleware\\StartSession->handle(Object(Illuminate\\Http\\Request), Object(Closure))
#24 /Users/lionel/Documents/mycode/latestworks/tuningX/vendor/laravel/framework/src/Illuminate/Cookie/Middleware/AddQueuedCookiesToResponse.php(37): Illuminate\\Pipeline\\Pipeline->Illuminate\\Pipeline\\{closure}(Object(Illuminate\\Http\\Request))
#25 /Users/lionel/Documents/mycode/latestworks/tuningX/vendor/laravel/framework/src/Illuminate/Pipeline/Pipeline.php(180): Illuminate\\Cookie\\Middleware\\AddQueuedCookiesToResponse->handle(Object(Illuminate\\Http\\Request), Object(Closure))
#26 /Users/lionel/Documents/mycode/latestworks/tuningX/vendor/laravel/framework/src/Illuminate/Cookie/Middleware/EncryptCookies.php(67): Illuminate\\Pipeline\\Pipeline->Illuminate\\Pipeline\\{closure}(Object(Illuminate\\Http\\Request))
#27 /Users/lionel/Documents/mycode/latestworks/tuningX/vendor/laravel/framework/src/Illuminate/Pipeline/Pipeline.php(180): Illuminate\\Cookie\\Middleware\\EncryptCookies->handle(Object(Illuminate\\Http\\Request), Object(Closure))
#28 /Users/lionel/Documents/mycode/latestworks/tuningX/vendor/laravel/framework/src/Illuminate/Pipeline/Pipeline.php(116): Illuminate\\Pipeline\\Pipeline->Illuminate\\Pipeline\\{closure}(Object(Illuminate\\Http\\Request))
#29 /Users/lionel/Documents/mycode/latestworks/tuningX/vendor/laravel/framework/src/Illuminate/Routing/Router.php(799): Illuminate\\Pipeline\\Pipeline->then(Object(Closure))
#30 /Users/lionel/Documents/mycode/latestworks/tuningX/vendor/laravel/framework/src/Illuminate/Routing/Router.php(776): Illuminate\\Routing\\Router->runRouteWithinStack(Object(Illuminate\\Routing\\Route), Object(Illuminate\\Http\\Request))
#31 /Users/lionel/Documents/mycode/latestworks/tuningX/vendor/laravel/framework/src/Illuminate/Routing/Router.php(740): Illuminate\\Routing\\Router->runRoute(Object(Illuminate\\Http\\Request), Object(Illuminate\\Routing\\Route))
#32 /Users/lionel/Documents/mycode/latestworks/tuningX/vendor/laravel/framework/src/Illuminate/Routing/Router.php(729): Illuminate\\Routing\\Router->dispatchToRoute(Object(Illuminate\\Http\\Request))
#33 /Users/lionel/Documents/mycode/latestworks/tuningX/vendor/laravel/framework/src/Illuminate/Foundation/Http/Kernel.php(190): Illuminate\\Routing\\Router->dispatch(Object(Illuminate\\Http\\Request))
#34 /Users/lionel/Documents/mycode/latestworks/tuningX/vendor/laravel/framework/src/Illuminate/Pipeline/Pipeline.php(141): Illuminate\\Foundation\\Http\\Kernel->Illuminate\\Foundation\\Http\\{closure}(Object(Illuminate\\Http\\Request))
#35 /Users/lionel/Documents/mycode/latestworks/tuningX/vendor/laravel/framework/src/Illuminate/Foundation/Http/Middleware/TransformsRequest.php(21): Illuminate\\Pipeline\\Pipeline->Illuminate\\Pipeline\\{closure}(Object(Illuminate\\Http\\Request))
#36 /Users/lionel/Documents/mycode/latestworks/tuningX/vendor/laravel/framework/src/Illuminate/Foundation/Http/Middleware/ConvertEmptyStringsToNull.php(31): Illuminate\\Foundation\\Http\\Middleware\\TransformsRequest->handle(Object(Illuminate\\Http\\Request), Object(Closure))
#37 /Users/lionel/Documents/mycode/latestworks/tuningX/vendor/laravel/framework/src/Illuminate/Pipeline/Pipeline.php(180): Illuminate\\Foundation\\Http\\Middleware\\ConvertEmptyStringsToNull->handle(Object(Illuminate\\Http\\Request), Object(Closure))
#38 /Users/lionel/Documents/mycode/latestworks/tuningX/vendor/laravel/framework/src/Illuminate/Foundation/Http/Middleware/TransformsRequest.php(21): Illuminate\\Pipeline\\Pipeline->Illuminate\\Pipeline\\{closure}(Object(Illuminate\\Http\\Request))
#39 /Users/lionel/Documents/mycode/latestworks/tuningX/vendor/laravel/framework/src/Illuminate/Foundation/Http/Middleware/TrimStrings.php(40): Illuminate\\Foundation\\Http\\Middleware\\TransformsRequest->handle(Object(Illuminate\\Http\\Request), Object(Closure))
#40 /Users/lionel/Documents/mycode/latestworks/tuningX/vendor/laravel/framework/src/Illuminate/Pipeline/Pipeline.php(180): Illuminate\\Foundation\\Http\\Middleware\\TrimStrings->handle(Object(Illuminate\\Http\\Request), Object(Closure))
#41 /Users/lionel/Documents/mycode/latestworks/tuningX/vendor/laravel/framework/src/Illuminate/Foundation/Http/Middleware/ValidatePostSize.php(27): Illuminate\\Pipeline\\Pipeline->Illuminate\\Pipeline\\{closure}(Object(Illuminate\\Http\\Request))
#42 /Users/lionel/Documents/mycode/latestworks/tuningX/vendor/laravel/framework/src/Illuminate/Pipeline/Pipeline.php(180): Illuminate\\Foundation\\Http\\Middleware\\ValidatePostSize->handle(Object(Illuminate\\Http\\Request), Object(Closure))
#43 /Users/lionel/Documents/mycode/latestworks/tuningX/vendor/laravel/framework/src/Illuminate/Foundation/Http/Middleware/PreventRequestsDuringMaintenance.php(86): Illuminate\\Pipeline\\Pipeline->Illuminate\\Pipeline\\{closure}(Object(Illuminate\\Http\\Request))
#44 /Users/lionel/Documents/mycode/latestworks/tuningX/vendor/laravel/framework/src/Illuminate/Pipeline/Pipeline.php(180): Illuminate\\Foundation\\Http\\Middleware\\PreventRequestsDuringMaintenance->handle(Object(Illuminate\\Http\\Request), Object(Closure))
#45 /Users/lionel/Documents/mycode/latestworks/tuningX/vendor/laravel/framework/src/Illuminate/Http/Middleware/HandleCors.php(49): Illuminate\\Pipeline\\Pipeline->Illuminate\\Pipeline\\{closure}(Object(Illuminate\\Http\\Request))
#46 /Users/lionel/Documents/mycode/latestworks/tuningX/vendor/laravel/framework/src/Illuminate/Pipeline/Pipeline.php(180): Illuminate\\Http\\Middleware\\HandleCors->handle(Object(Illuminate\\Http\\Request), Object(Closure))
#47 /Users/lionel/Documents/mycode/latestworks/tuningX/vendor/laravel/framework/src/Illuminate/Http/Middleware/TrustProxies.php(39): Illuminate\\Pipeline\\Pipeline->Illuminate\\Pipeline\\{closure}(Object(Illuminate\\Http\\Request))
#48 /Users/lionel/Documents/mycode/latestworks/tuningX/vendor/laravel/framework/src/Illuminate/Pipeline/Pipeline.php(180): Illuminate\\Http\\Middleware\\TrustProxies->handle(Object(Illuminate\\Http\\Request), Object(Closure))
#49 /Users/lionel/Documents/mycode/latestworks/tuningX/vendor/laravel/framework/src/Illuminate/Pipeline/Pipeline.php(116): Illuminate\\Pipeline\\Pipeline->Illuminate\\Pipeline\\{closure}(Object(Illuminate\\Http\\Request))
#50 /Users/lionel/Documents/mycode/latestworks/tuningX/vendor/laravel/framework/src/Illuminate/Foundation/Http/Kernel.php(165): Illuminate\\Pipeline\\Pipeline->then(Object(Closure))
#51 /Users/lionel/Documents/mycode/latestworks/tuningX/vendor/laravel/framework/src/Illuminate/Foundation/Http/Kernel.php(134): Illuminate\\Foundation\\Http\\Kernel->sendRequestThroughRouter(Object(Illuminate\\Http\\Request))
#52 /Users/lionel/Documents/mycode/latestworks/tuningX/public/index.php(52): Illuminate\\Foundation\\Http\\Kernel->handle(Object(Illuminate\\Http\\Request))
#53 /Users/lionel/.composer/vendor/laravel/valet/server.php(234): require('/Users/lionel/D...')
#54 {main}
"} 
