[2025-08-15 14:44:26] local.ERROR: SQLSTATE[HY000] [1045] Access denied for user 'root'@'localhost' (using password: YES) (SQL: select * from `work_hours`) {"exception":"[object] (Illuminate\\Database\\QueryException(code: 1045): SQLSTATE[HY000] [1045] Access denied for user 'root'@'localhost' (using password: YES) (SQL: select * from `work_hours`) at /Users/lionel/Documents/mycode/latestworks/tuningX/vendor/laravel/framework/src/Illuminate/Database/Connection.php:760)
[stacktrace]
#0 /Users/lionel/Documents/mycode/latestworks/tuningX/vendor/laravel/framework/src/Illuminate/Database/Connection.php(720): Illuminate\\Database\\Connection->runQueryCallback('select * from `...', Array, Object(Closure))
#1 /Users/lionel/Documents/mycode/latestworks/tuningX/vendor/laravel/framework/src/Illuminate/Database/Connection.php(405): Illuminate\\Database\\Connection->run('select * from `...', Array, Object(Closure))
#2 /Users/lionel/Documents/mycode/latestworks/tuningX/vendor/laravel/framework/src/Illuminate/Database/Query/Builder.php(2705): Illuminate\\Database\\Connection->select('select * from `...', Array, true)
#3 /Users/lionel/Documents/mycode/latestworks/tuningX/vendor/laravel/framework/src/Illuminate/Database/Query/Builder.php(2694): Illuminate\\Database\\Query\\Builder->runSelect()
#4 /Users/lionel/Documents/mycode/latestworks/tuningX/vendor/laravel/framework/src/Illuminate/Database/Query/Builder.php(3230): Illuminate\\Database\\Query\\Builder->Illuminate\\Database\\Query\\{closure}()
#5 /Users/lionel/Documents/mycode/latestworks/tuningX/vendor/laravel/framework/src/Illuminate/Database/Query/Builder.php(2693): Illuminate\\Database\\Query\\Builder->onceWithColumns(Array, Object(Closure))
#6 /Users/lionel/Documents/mycode/latestworks/tuningX/vendor/laravel/framework/src/Illuminate/Database/Eloquent/Builder.php(710): Illuminate\\Database\\Query\\Builder->get(Array)
#7 /Users/lionel/Documents/mycode/latestworks/tuningX/vendor/laravel/framework/src/Illuminate/Database/Eloquent/Builder.php(694): Illuminate\\Database\\Eloquent\\Builder->getModels(Array)
#8 /Users/lionel/Documents/mycode/latestworks/tuningX/vendor/laravel/framework/src/Illuminate/Database/Eloquent/Model.php(673): Illuminate\\Database\\Eloquent\\Builder->get(Array)
#9 /Users/lionel/Documents/mycode/latestworks/tuningX/app/Providers/AppServiceProvider.php(27): Illuminate\\Database\\Eloquent\\Model::all()
#10 /Users/lionel/Documents/mycode/latestworks/tuningX/vendor/laravel/framework/src/Illuminate/Container/BoundMethod.php(36): App\\Providers\\AppServiceProvider->boot()
#11 /Users/lionel/Documents/mycode/latestworks/tuningX/vendor/laravel/framework/src/Illuminate/Container/Util.php(41): Illuminate\\Container\\BoundMethod::Illuminate\\Container\\{closure}()
#12 /Users/lionel/Documents/mycode/latestworks/tuningX/vendor/laravel/framework/src/Illuminate/Container/BoundMethod.php(93): Illuminate\\Container\\Util::unwrapIfClosure(Object(Closure))
#13 /Users/lionel/Documents/mycode/latestworks/tuningX/vendor/laravel/framework/src/Illuminate/Container/BoundMethod.php(35): Illuminate\\Container\\BoundMethod::callBoundMethod(Object(Illuminate\\Foundation\\Application), Array, Object(Closure))
#14 /Users/lionel/Documents/mycode/latestworks/tuningX/vendor/laravel/framework/src/Illuminate/Container/Container.php(661): Illuminate\\Container\\BoundMethod::call(Object(Illuminate\\Foundation\\Application), Array, Array, NULL)
#15 /Users/lionel/Documents/mycode/latestworks/tuningX/vendor/laravel/framework/src/Illuminate/Foundation/Application.php(931): Illuminate\\Container\\Container->call(Array)
#16 /Users/lionel/Documents/mycode/latestworks/tuningX/vendor/laravel/framework/src/Illuminate/Foundation/Application.php(912): Illuminate\\Foundation\\Application->bootProvider(Object(App\\Providers\\AppServiceProvider))
#17 [internal function]: Illuminate\\Foundation\\Application->Illuminate\\Foundation\\{closure}(Object(App\\Providers\\AppServiceProvider), 32)
#18 /Users/lionel/Documents/mycode/latestworks/tuningX/vendor/laravel/framework/src/Illuminate/Foundation/Application.php(911): array_walk(Array, Object(Closure))
#19 /Users/lionel/Documents/mycode/latestworks/tuningX/vendor/laravel/framework/src/Illuminate/Foundation/Bootstrap/BootProviders.php(17): Illuminate\\Foundation\\Application->boot()
#20 /Users/lionel/Documents/mycode/latestworks/tuningX/vendor/laravel/framework/src/Illuminate/Foundation/Application.php(242): Illuminate\\Foundation\\Bootstrap\\BootProviders->bootstrap(Object(Illuminate\\Foundation\\Application))
#21 /Users/lionel/Documents/mycode/latestworks/tuningX/vendor/laravel/framework/src/Illuminate/Foundation/Http/Kernel.php(176): Illuminate\\Foundation\\Application->bootstrapWith(Array)
#22 /Users/lionel/Documents/mycode/latestworks/tuningX/vendor/laravel/framework/src/Illuminate/Foundation/Http/Kernel.php(160): Illuminate\\Foundation\\Http\\Kernel->bootstrap()
#23 /Users/lionel/Documents/mycode/latestworks/tuningX/vendor/laravel/framework/src/Illuminate/Foundation/Http/Kernel.php(134): Illuminate\\Foundation\\Http\\Kernel->sendRequestThroughRouter(Object(Illuminate\\Http\\Request))
#24 /Users/lionel/Documents/mycode/latestworks/tuningX/public/index.php(51): Illuminate\\Foundation\\Http\\Kernel->handle(Object(Illuminate\\Http\\Request))
#25 /Users/lionel/.composer/vendor/laravel/valet/server.php(110): require('/Users/lionel/D...')
#26 {main}

[previous exception] [object] (PDOException(code: 1045): SQLSTATE[HY000] [1045] Access denied for user 'root'@'localhost' (using password: YES) at /Users/lionel/Documents/mycode/latestworks/tuningX/vendor/laravel/framework/src/Illuminate/Database/Connectors/Connector.php:70)
[stacktrace]
#0 /Users/lionel/Documents/mycode/latestworks/tuningX/vendor/laravel/framework/src/Illuminate/Database/Connectors/Connector.php(70): PDO->__construct('mysql:host=127....', 'root', Object(SensitiveParameterValue), Array)
#1 /Users/lionel/Documents/mycode/latestworks/tuningX/vendor/laravel/framework/src/Illuminate/Database/Connectors/Connector.php(45): Illuminate\\Database\\Connectors\\Connector->createPdoConnection('mysql:host=127....', 'root', 'root', Array)
#2 /Users/lionel/Documents/mycode/latestworks/tuningX/vendor/laravel/framework/src/Illuminate/Database/Connectors/MySqlConnector.php(24): Illuminate\\Database\\Connectors\\Connector->createConnection('mysql:host=127....', Array, Array)
#3 /Users/lionel/Documents/mycode/latestworks/tuningX/vendor/laravel/framework/src/Illuminate/Database/Connectors/ConnectionFactory.php(184): Illuminate\\Database\\Connectors\\MySqlConnector->connect(Array)
#4 [internal function]: Illuminate\\Database\\Connectors\\ConnectionFactory->Illuminate\\Database\\Connectors\\{closure}()
#5 /Users/lionel/Documents/mycode/latestworks/tuningX/vendor/laravel/framework/src/Illuminate/Database/Connection.php(1181): call_user_func(Object(Closure))
#6 /Users/lionel/Documents/mycode/latestworks/tuningX/vendor/laravel/framework/src/Illuminate/Database/Connection.php(1217): Illuminate\\Database\\Connection->getPdo()
#7 /Users/lionel/Documents/mycode/latestworks/tuningX/vendor/laravel/framework/src/Illuminate/Database/Connection.php(486): Illuminate\\Database\\Connection->getReadPdo()
#8 /Users/lionel/Documents/mycode/latestworks/tuningX/vendor/laravel/framework/src/Illuminate/Database/Connection.php(414): Illuminate\\Database\\Connection->getPdoForSelect(true)
#9 /Users/lionel/Documents/mycode/latestworks/tuningX/vendor/laravel/framework/src/Illuminate/Database/Connection.php(753): Illuminate\\Database\\Connection->Illuminate\\Database\\{closure}('select * from `...', Array)
#10 /Users/lionel/Documents/mycode/latestworks/tuningX/vendor/laravel/framework/src/Illuminate/Database/Connection.php(720): Illuminate\\Database\\Connection->runQueryCallback('select * from `...', Array, Object(Closure))
#11 /Users/lionel/Documents/mycode/latestworks/tuningX/vendor/laravel/framework/src/Illuminate/Database/Connection.php(405): Illuminate\\Database\\Connection->run('select * from `...', Array, Object(Closure))
#12 /Users/lionel/Documents/mycode/latestworks/tuningX/vendor/laravel/framework/src/Illuminate/Database/Query/Builder.php(2705): Illuminate\\Database\\Connection->select('select * from `...', Array, true)
#13 /Users/lionel/Documents/mycode/latestworks/tuningX/vendor/laravel/framework/src/Illuminate/Database/Query/Builder.php(2694): Illuminate\\Database\\Query\\Builder->runSelect()
#14 /Users/lionel/Documents/mycode/latestworks/tuningX/vendor/laravel/framework/src/Illuminate/Database/Query/Builder.php(3230): Illuminate\\Database\\Query\\Builder->Illuminate\\Database\\Query\\{closure}()
#15 /Users/lionel/Documents/mycode/latestworks/tuningX/vendor/laravel/framework/src/Illuminate/Database/Query/Builder.php(2693): Illuminate\\Database\\Query\\Builder->onceWithColumns(Array, Object(Closure))
#16 /Users/lionel/Documents/mycode/latestworks/tuningX/vendor/laravel/framework/src/Illuminate/Database/Eloquent/Builder.php(710): Illuminate\\Database\\Query\\Builder->get(Array)
#17 /Users/lionel/Documents/mycode/latestworks/tuningX/vendor/laravel/framework/src/Illuminate/Database/Eloquent/Builder.php(694): Illuminate\\Database\\Eloquent\\Builder->getModels(Array)
#18 /Users/lionel/Documents/mycode/latestworks/tuningX/vendor/laravel/framework/src/Illuminate/Database/Eloquent/Model.php(673): Illuminate\\Database\\Eloquent\\Builder->get(Array)
#19 /Users/lionel/Documents/mycode/latestworks/tuningX/app/Providers/AppServiceProvider.php(27): Illuminate\\Database\\Eloquent\\Model::all()
#20 /Users/lionel/Documents/mycode/latestworks/tuningX/vendor/laravel/framework/src/Illuminate/Container/BoundMethod.php(36): App\\Providers\\AppServiceProvider->boot()
#21 /Users/lionel/Documents/mycode/latestworks/tuningX/vendor/laravel/framework/src/Illuminate/Container/Util.php(41): Illuminate\\Container\\BoundMethod::Illuminate\\Container\\{closure}()
#22 /Users/lionel/Documents/mycode/latestworks/tuningX/vendor/laravel/framework/src/Illuminate/Container/BoundMethod.php(93): Illuminate\\Container\\Util::unwrapIfClosure(Object(Closure))
#23 /Users/lionel/Documents/mycode/latestworks/tuningX/vendor/laravel/framework/src/Illuminate/Container/BoundMethod.php(35): Illuminate\\Container\\BoundMethod::callBoundMethod(Object(Illuminate\\Foundation\\Application), Array, Object(Closure))
#24 /Users/lionel/Documents/mycode/latestworks/tuningX/vendor/laravel/framework/src/Illuminate/Container/Container.php(661): Illuminate\\Container\\BoundMethod::call(Object(Illuminate\\Foundation\\Application), Array, Array, NULL)
#25 /Users/lionel/Documents/mycode/latestworks/tuningX/vendor/laravel/framework/src/Illuminate/Foundation/Application.php(931): Illuminate\\Container\\Container->call(Array)
#26 /Users/lionel/Documents/mycode/latestworks/tuningX/vendor/laravel/framework/src/Illuminate/Foundation/Application.php(912): Illuminate\\Foundation\\Application->bootProvider(Object(App\\Providers\\AppServiceProvider))
#27 [internal function]: Illuminate\\Foundation\\Application->Illuminate\\Foundation\\{closure}(Object(App\\Providers\\AppServiceProvider), 32)
#28 /Users/lionel/Documents/mycode/latestworks/tuningX/vendor/laravel/framework/src/Illuminate/Foundation/Application.php(911): array_walk(Array, Object(Closure))
#29 /Users/lionel/Documents/mycode/latestworks/tuningX/vendor/laravel/framework/src/Illuminate/Foundation/Bootstrap/BootProviders.php(17): Illuminate\\Foundation\\Application->boot()
#30 /Users/lionel/Documents/mycode/latestworks/tuningX/vendor/laravel/framework/src/Illuminate/Foundation/Application.php(242): Illuminate\\Foundation\\Bootstrap\\BootProviders->bootstrap(Object(Illuminate\\Foundation\\Application))
#31 /Users/lionel/Documents/mycode/latestworks/tuningX/vendor/laravel/framework/src/Illuminate/Foundation/Http/Kernel.php(176): Illuminate\\Foundation\\Application->bootstrapWith(Array)
#32 /Users/lionel/Documents/mycode/latestworks/tuningX/vendor/laravel/framework/src/Illuminate/Foundation/Http/Kernel.php(160): Illuminate\\Foundation\\Http\\Kernel->bootstrap()
#33 /Users/lionel/Documents/mycode/latestworks/tuningX/vendor/laravel/framework/src/Illuminate/Foundation/Http/Kernel.php(134): Illuminate\\Foundation\\Http\\Kernel->sendRequestThroughRouter(Object(Illuminate\\Http\\Request))
#34 /Users/lionel/Documents/mycode/latestworks/tuningX/public/index.php(51): Illuminate\\Foundation\\Http\\Kernel->handle(Object(Illuminate\\Http\\Request))
#35 /Users/lionel/.composer/vendor/laravel/valet/server.php(110): require('/Users/lionel/D...')
#36 {main}
"} 
[2025-08-15 14:50:25] local.ERROR: Class "ECUApp\SharedCode\Controllers\AutotunerMainController" not found {"exception":"[object] (Error(code: 0): Class \"ECUApp\\SharedCode\\Controllers\\AutotunerMainController\" not found at /Users/lionel/Documents/mycode/latestworks/tuningX/app/Http/Controllers/FileController.php:70)
[stacktrace]
#0 [internal function]: App\\Http\\Controllers\\FileController->__construct()
#1 /Users/lionel/Documents/mycode/latestworks/tuningX/vendor/laravel/framework/src/Illuminate/Container/Container.php(929): ReflectionClass->newInstanceArgs(Array)
#2 /Users/lionel/Documents/mycode/latestworks/tuningX/vendor/laravel/framework/src/Illuminate/Container/Container.php(770): Illuminate\\Container\\Container->build('App\\\\Http\\\\Contro...')
#3 /Users/lionel/Documents/mycode/latestworks/tuningX/vendor/laravel/framework/src/Illuminate/Foundation/Application.php(858): Illuminate\\Container\\Container->resolve('App\\\\Http\\\\Contro...', Array, true)
#4 /Users/lionel/Documents/mycode/latestworks/tuningX/vendor/laravel/framework/src/Illuminate/Container/Container.php(706): Illuminate\\Foundation\\Application->resolve('App\\\\Http\\\\Contro...', Array)
#5 /Users/lionel/Documents/mycode/latestworks/tuningX/vendor/laravel/framework/src/Illuminate/Foundation/Application.php(843): Illuminate\\Container\\Container->make('App\\\\Http\\\\Contro...', Array)
#6 /Users/lionel/Documents/mycode/latestworks/tuningX/vendor/laravel/framework/src/Illuminate/Routing/Route.php(274): Illuminate\\Foundation\\Application->make('App\\\\Http\\\\Contro...')
#7 /Users/lionel/Documents/mycode/latestworks/tuningX/vendor/laravel/framework/src/Illuminate/Routing/Route.php(1099): Illuminate\\Routing\\Route->getController()
#8 /Users/lionel/Documents/mycode/latestworks/tuningX/vendor/laravel/framework/src/Illuminate/Routing/Route.php(1030): Illuminate\\Routing\\Route->controllerMiddleware()
#9 /Users/lionel/Documents/mycode/latestworks/tuningX/vendor/laravel/framework/src/Illuminate/Routing/Router.php(810): Illuminate\\Routing\\Route->gatherMiddleware()
#10 /Users/lionel/Documents/mycode/latestworks/tuningX/vendor/laravel/framework/src/Illuminate/Routing/Router.php(792): Illuminate\\Routing\\Router->gatherRouteMiddleware(Object(Illuminate\\Routing\\Route))
#11 /Users/lionel/Documents/mycode/latestworks/tuningX/vendor/laravel/framework/src/Illuminate/Routing/Router.php(776): Illuminate\\Routing\\Router->runRouteWithinStack(Object(Illuminate\\Routing\\Route), Object(Illuminate\\Http\\Request))
#12 /Users/lionel/Documents/mycode/latestworks/tuningX/vendor/laravel/framework/src/Illuminate/Routing/Router.php(740): Illuminate\\Routing\\Router->runRoute(Object(Illuminate\\Http\\Request), Object(Illuminate\\Routing\\Route))
#13 /Users/lionel/Documents/mycode/latestworks/tuningX/vendor/laravel/framework/src/Illuminate/Routing/Router.php(729): Illuminate\\Routing\\Router->dispatchToRoute(Object(Illuminate\\Http\\Request))
#14 /Users/lionel/Documents/mycode/latestworks/tuningX/vendor/laravel/framework/src/Illuminate/Foundation/Http/Kernel.php(190): Illuminate\\Routing\\Router->dispatch(Object(Illuminate\\Http\\Request))
#15 /Users/lionel/Documents/mycode/latestworks/tuningX/vendor/laravel/framework/src/Illuminate/Pipeline/Pipeline.php(141): Illuminate\\Foundation\\Http\\Kernel->Illuminate\\Foundation\\Http\\{closure}(Object(Illuminate\\Http\\Request))
#16 /Users/lionel/Documents/mycode/latestworks/tuningX/vendor/laravel/framework/src/Illuminate/Foundation/Http/Middleware/TransformsRequest.php(21): Illuminate\\Pipeline\\Pipeline->Illuminate\\Pipeline\\{closure}(Object(Illuminate\\Http\\Request))
#17 /Users/lionel/Documents/mycode/latestworks/tuningX/vendor/laravel/framework/src/Illuminate/Foundation/Http/Middleware/ConvertEmptyStringsToNull.php(31): Illuminate\\Foundation\\Http\\Middleware\\TransformsRequest->handle(Object(Illuminate\\Http\\Request), Object(Closure))
#18 /Users/lionel/Documents/mycode/latestworks/tuningX/vendor/laravel/framework/src/Illuminate/Pipeline/Pipeline.php(180): Illuminate\\Foundation\\Http\\Middleware\\ConvertEmptyStringsToNull->handle(Object(Illuminate\\Http\\Request), Object(Closure))
#19 /Users/lionel/Documents/mycode/latestworks/tuningX/vendor/laravel/framework/src/Illuminate/Foundation/Http/Middleware/TransformsRequest.php(21): Illuminate\\Pipeline\\Pipeline->Illuminate\\Pipeline\\{closure}(Object(Illuminate\\Http\\Request))
#20 /Users/lionel/Documents/mycode/latestworks/tuningX/vendor/laravel/framework/src/Illuminate/Foundation/Http/Middleware/TrimStrings.php(40): Illuminate\\Foundation\\Http\\Middleware\\TransformsRequest->handle(Object(Illuminate\\Http\\Request), Object(Closure))
#21 /Users/lionel/Documents/mycode/latestworks/tuningX/vendor/laravel/framework/src/Illuminate/Pipeline/Pipeline.php(180): Illuminate\\Foundation\\Http\\Middleware\\TrimStrings->handle(Object(Illuminate\\Http\\Request), Object(Closure))
#22 /Users/lionel/Documents/mycode/latestworks/tuningX/vendor/laravel/framework/src/Illuminate/Foundation/Http/Middleware/ValidatePostSize.php(27): Illuminate\\Pipeline\\Pipeline->Illuminate\\Pipeline\\{closure}(Object(Illuminate\\Http\\Request))
#23 /Users/lionel/Documents/mycode/latestworks/tuningX/vendor/laravel/framework/src/Illuminate/Pipeline/Pipeline.php(180): Illuminate\\Foundation\\Http\\Middleware\\ValidatePostSize->handle(Object(Illuminate\\Http\\Request), Object(Closure))
#24 /Users/lionel/Documents/mycode/latestworks/tuningX/vendor/laravel/framework/src/Illuminate/Foundation/Http/Middleware/PreventRequestsDuringMaintenance.php(86): Illuminate\\Pipeline\\Pipeline->Illuminate\\Pipeline\\{closure}(Object(Illuminate\\Http\\Request))
#25 /Users/lionel/Documents/mycode/latestworks/tuningX/vendor/laravel/framework/src/Illuminate/Pipeline/Pipeline.php(180): Illuminate\\Foundation\\Http\\Middleware\\PreventRequestsDuringMaintenance->handle(Object(Illuminate\\Http\\Request), Object(Closure))
#26 /Users/lionel/Documents/mycode/latestworks/tuningX/vendor/laravel/framework/src/Illuminate/Http/Middleware/HandleCors.php(49): Illuminate\\Pipeline\\Pipeline->Illuminate\\Pipeline\\{closure}(Object(Illuminate\\Http\\Request))
#27 /Users/lionel/Documents/mycode/latestworks/tuningX/vendor/laravel/framework/src/Illuminate/Pipeline/Pipeline.php(180): Illuminate\\Http\\Middleware\\HandleCors->handle(Object(Illuminate\\Http\\Request), Object(Closure))
#28 /Users/lionel/Documents/mycode/latestworks/tuningX/vendor/laravel/framework/src/Illuminate/Http/Middleware/TrustProxies.php(39): Illuminate\\Pipeline\\Pipeline->Illuminate\\Pipeline\\{closure}(Object(Illuminate\\Http\\Request))
#29 /Users/lionel/Documents/mycode/latestworks/tuningX/vendor/laravel/framework/src/Illuminate/Pipeline/Pipeline.php(180): Illuminate\\Http\\Middleware\\TrustProxies->handle(Object(Illuminate\\Http\\Request), Object(Closure))
#30 /Users/lionel/Documents/mycode/latestworks/tuningX/vendor/laravel/framework/src/Illuminate/Pipeline/Pipeline.php(116): Illuminate\\Pipeline\\Pipeline->Illuminate\\Pipeline\\{closure}(Object(Illuminate\\Http\\Request))
#31 /Users/lionel/Documents/mycode/latestworks/tuningX/vendor/laravel/framework/src/Illuminate/Foundation/Http/Kernel.php(165): Illuminate\\Pipeline\\Pipeline->then(Object(Closure))
#32 /Users/lionel/Documents/mycode/latestworks/tuningX/vendor/laravel/framework/src/Illuminate/Foundation/Http/Kernel.php(134): Illuminate\\Foundation\\Http\\Kernel->sendRequestThroughRouter(Object(Illuminate\\Http\\Request))
#33 /Users/lionel/Documents/mycode/latestworks/tuningX/public/index.php(51): Illuminate\\Foundation\\Http\\Kernel->handle(Object(Illuminate\\Http\\Request))
#34 /Users/lionel/.composer/vendor/laravel/valet/server.php(110): require('/Users/lionel/D...')
#35 {main}
"} 
